Traceback (most recent call last):
  File "/gpfs/projects/bgmp/jogata/bioinformatics/bi622/Demux/mean_quality_distribution.py", line 83, in <module>
    array=np.zeros((args.read_length, args.number_records))
numpy.core._exceptions.MemoryError: Unable to allocate 273. GiB for an array with shape (101, 363246735) and data type float64
Command exited with non-zero status 1
	Command being timed: "python mean_quality_distribution.py -f /projects/bgmp/shared/2017_sequencing/1294_S1_L008_R1_001.fastq.gz -l 101 -nr 363246735 -t read1_mean_Qscores -d /projects/bgmp/jogata/bioinformatics/bi622/Demux/distribution_plots"
	User time (seconds): 0.43
	System time (seconds): 0.58
	Percent of CPU this job got: 520%
	Elapsed (wall clock) time (h:mm:ss or m:ss): 0:00.19
	Average shared text size (kbytes): 0
	Average unshared data size (kbytes): 0
	Average stack size (kbytes): 0
	Average total size (kbytes): 0
	Maximum resident set size (kbytes): 24740
	Average resident set size (kbytes): 0
	Major (requiring I/O) page faults: 0
	Minor (reclaiming a frame) page faults: 6598
	Voluntary context switches: 571
	Involuntary context switches: 3
	Swaps: 0
	File system inputs: 0
	File system outputs: 0
	Socket messages sent: 0
	Socket messages received: 0
	Signals delivered: 0
	Page size (bytes): 4096
	Exit status: 1
	Command being timed: "python mean_quality_distribution.py -f /projects/bgmp/shared/2017_sequencing/1294_S1_L008_R2_001.fastq.gz -l 8 -nr 363246735 -t index1_mean_Qscores -d /projects/bgmp/jogata/bioinformatics/bi622/Demux/distribution_plots"
	User time (seconds): 1186.28
	System time (seconds): 13.86
	Percent of CPU this job got: 99%
	Elapsed (wall clock) time (h:mm:ss or m:ss): 20:04.02
	Average shared text size (kbytes): 0
	Average unshared data size (kbytes): 0
	Average stack size (kbytes): 0
	Average total size (kbytes): 0
	Maximum resident set size (kbytes): 25566572
	Average resident set size (kbytes): 0
	Major (requiring I/O) page faults: 0
	Minor (reclaiming a frame) page faults: 108762
	Voluntary context switches: 1571
	Involuntary context switches: 411
	Swaps: 0
	File system inputs: 0
	File system outputs: 0
	Socket messages sent: 0
	Socket messages received: 0
	Signals delivered: 0
	Page size (bytes): 4096
	Exit status: 0
	Command being timed: "python mean_quality_distribution.py -f /projects/bgmp/shared/2017_sequencing/1294_S1_L008_R3_001.fastq.gz -l 8 -nr 363246735 -t index2_mean_Qscores -d /projects/bgmp/jogata/bioinformatics/bi622/Demux/distribution_plots"
	User time (seconds): 1186.74
	System time (seconds): 13.90
	Percent of CPU this job got: 99%
	Elapsed (wall clock) time (h:mm:ss or m:ss): 20:02.62
	Average shared text size (kbytes): 0
	Average unshared data size (kbytes): 0
	Average stack size (kbytes): 0
	Average total size (kbytes): 0
	Maximum resident set size (kbytes): 25566580
	Average resident set size (kbytes): 0
	Major (requiring I/O) page faults: 0
	Minor (reclaiming a frame) page faults: 108816
	Voluntary context switches: 1020
	Involuntary context switches: 1547
	Swaps: 0
	File system inputs: 0
	File system outputs: 0
	Socket messages sent: 0
	Socket messages received: 0
	Signals delivered: 0
	Page size (bytes): 4096
	Exit status: 0
Traceback (most recent call last):
  File "/gpfs/projects/bgmp/jogata/bioinformatics/bi622/Demux/mean_quality_distribution.py", line 83, in <module>
    array=np.zeros((args.read_length, args.number_records))
numpy.core._exceptions.MemoryError: Unable to allocate 273. GiB for an array with shape (101, 363246735) and data type float64
Command exited with non-zero status 1
	Command being timed: "python mean_quality_distribution.py -f /projects/bgmp/shared/2017_sequencing/1294_S1_L008_R4_001.fastq.gz -l 101 -nr 363246735 -t read2_mean_Qscores -d /projects/bgmp/jogata/bioinformatics/bi622/Demux/distribution_plots"
	User time (seconds): 0.38
	System time (seconds): 0.47
	Percent of CPU this job got: 611%
	Elapsed (wall clock) time (h:mm:ss or m:ss): 0:00.14
	Average shared text size (kbytes): 0
	Average unshared data size (kbytes): 0
	Average stack size (kbytes): 0
	Average total size (kbytes): 0
	Maximum resident set size (kbytes): 26672
	Average resident set size (kbytes): 0
	Major (requiring I/O) page faults: 0
	Minor (reclaiming a frame) page faults: 6592
	Voluntary context switches: 608
	Involuntary context switches: 2
	Swaps: 0
	File system inputs: 0
	File system outputs: 0
	Socket messages sent: 0
	Socket messages received: 0
	Signals delivered: 0
	Page size (bytes): 4096
	Exit status: 1
