Traceback (most recent call last):
  File "/gpfs/projects/bgmp/jogata/bioinformatics/bi622/Demux/mean_quality_distribution.py", line 62, in <module>
    means=find_mean(file)
  File "/gpfs/projects/bgmp/jogata/bioinformatics/bi622/Demux/mean_quality_distribution.py", line 31, in find_mean
    line=(f.readline()).strip()
  File "/projects/bgmp/jogata/miniconda3/envs/bgmp_py39/lib/python3.9/codecs.py", line 322, in decode
    (result, consumed) = self._buffer_decode(data, self.errors, final)
UnicodeDecodeError: 'utf-8' codec can't decode byte 0x8b in position 1: invalid start byte
Command exited with non-zero status 1
	Command being timed: "python mean_quality_distribution.py -f /projects/bgmp/shared/2017_sequencing/1294_S1_L008_R2_001.fastq.gz -l 8 -nr 363246735 -t index1_mean_Qscores -d /projects/bgmp/jogata/bioinformatics/bi622/Demux/distribution_plots"
	User time (seconds): 0.44
	System time (seconds): 0.59
	Percent of CPU this job got: 154%
	Elapsed (wall clock) time (h:mm:ss or m:ss): 0:00.67
	Average shared text size (kbytes): 0
	Average unshared data size (kbytes): 0
	Average stack size (kbytes): 0
	Average total size (kbytes): 0
	Maximum resident set size (kbytes): 24604
	Average resident set size (kbytes): 0
	Major (requiring I/O) page faults: 0
	Minor (reclaiming a frame) page faults: 6584
	Voluntary context switches: 605
	Involuntary context switches: 1
	Swaps: 0
	File system inputs: 0
	File system outputs: 0
	Socket messages sent: 0
	Socket messages received: 0
	Signals delivered: 0
	Page size (bytes): 4096
	Exit status: 1
