35
Traceback (most recent call last):
  File "/gpfs/projects/bgmp/jogata/bioinformatics/bi622/Demux/mean_quality_distribution.py", line 69, in <module>
    means=find_mean(file)
  File "/gpfs/projects/bgmp/jogata/bioinformatics/bi622/Demux/mean_quality_distribution.py", line 40, in find_mean
    array[n]+=convert_phred(line[n])
  File "/gpfs/projects/bgmp/jogata/bioinformatics/bi622/Demux/mean_quality_distribution.py", line 11, in convert_phred
    return(ord(letter)-33)
TypeError: ord() expected string of length 1, but int found
Command exited with non-zero status 1
	Command being timed: "python mean_quality_distribution.py -f /projects/bgmp/shared/2017_sequencing/1294_S1_L008_R2_001.fastq.gz -l 8 -nr 363246735 -t index1_mean_Qscores -d /projects/bgmp/jogata/bioinformatics/bi622/Demux/distribution_plots"
	User time (seconds): 0.13
	System time (seconds): 0.10
	Percent of CPU this job got: 97%
	Elapsed (wall clock) time (h:mm:ss or m:ss): 0:00.24
	Average shared text size (kbytes): 0
	Average unshared data size (kbytes): 0
	Average stack size (kbytes): 0
	Average total size (kbytes): 0
	Maximum resident set size (kbytes): 25584
	Average resident set size (kbytes): 0
	Major (requiring I/O) page faults: 0
	Minor (reclaiming a frame) page faults: 6823
	Voluntary context switches: 556
	Involuntary context switches: 140009
	Swaps: 0
	File system inputs: 0
	File system outputs: 0
	Socket messages sent: 0
	Socket messages received: 0
	Signals delivered: 0
	Page size (bytes): 4096
	Exit status: 1
