Traceback (most recent call last):
  File "mean_quality_distribution.py", line 4, in <module>
    import numpy as np
ModuleNotFoundError: No module named 'numpy'
Command exited with non-zero status 1
	Command being timed: "python3 mean_quality_distribution.py -f /projects/bgmp/shared/2017_sequencing/1294_S1_L008_R1_001.fastq.gz -l 101 -nr 0 -t read1_mean_Qscores -d /projects/bgmp/jogata/bioinformatics/bi622/Demux/distribution_plots"
	User time (seconds): 0.01
	System time (seconds): 0.00
	Percent of CPU this job got: 18%
	Elapsed (wall clock) time (h:mm:ss or m:ss): 0:00.09
	Average shared text size (kbytes): 0
	Average unshared data size (kbytes): 0
	Average stack size (kbytes): 0
	Average total size (kbytes): 0
	Maximum resident set size (kbytes): 6204
	Average resident set size (kbytes): 0
	Major (requiring I/O) page faults: 0
	Minor (reclaiming a frame) page faults: 1727
	Voluntary context switches: 58
	Involuntary context switches: 1
	Swaps: 0
	File system inputs: 0
	File system outputs: 0
	Socket messages sent: 0
	Socket messages received: 0
	Signals delivered: 0
	Page size (bytes): 4096
	Exit status: 1
Traceback (most recent call last):
  File "mean_quality_distribution.py", line 4, in <module>
    import numpy as np
ModuleNotFoundError: No module named 'numpy'
Command exited with non-zero status 1
	Command being timed: "python3 mean_quality_distribution.py -f /projects/bgmp/shared/2017_sequencing/1294_S1_L008_R2_001.fastq.gz -l 8 -nr 0 -t index1_mean_Qscores -d /projects/bgmp/jogata/bioinformatics/bi622/Demux/distribution_plots"
	User time (seconds): 0.00
	System time (seconds): 0.00
	Percent of CPU this job got: 92%
	Elapsed (wall clock) time (h:mm:ss or m:ss): 0:00.01
	Average shared text size (kbytes): 0
	Average unshared data size (kbytes): 0
	Average stack size (kbytes): 0
	Average total size (kbytes): 0
	Maximum resident set size (kbytes): 5940
	Average resident set size (kbytes): 0
	Major (requiring I/O) page faults: 0
	Minor (reclaiming a frame) page faults: 1661
	Voluntary context switches: 47
	Involuntary context switches: 1
	Swaps: 0
	File system inputs: 0
	File system outputs: 0
	Socket messages sent: 0
	Socket messages received: 0
	Signals delivered: 0
	Page size (bytes): 4096
	Exit status: 1
Traceback (most recent call last):
  File "mean_quality_distribution.py", line 4, in <module>
    import numpy as np
ModuleNotFoundError: No module named 'numpy'
Command exited with non-zero status 1
	Command being timed: "python3 mean_quality_distribution.py -f /projects/bgmp/shared/2017_sequencing/1294_S1_L008_R3_001.fastq.gz -l 8 -nr 0 -t index2_mean_Qscores -d /projects/bgmp/jogata/bioinformatics/bi622/Demux/distribution_plots"
	User time (seconds): 0.00
	System time (seconds): 0.00
	Percent of CPU this job got: 92%
	Elapsed (wall clock) time (h:mm:ss or m:ss): 0:00.01
	Average shared text size (kbytes): 0
	Average unshared data size (kbytes): 0
	Average stack size (kbytes): 0
	Average total size (kbytes): 0
	Maximum resident set size (kbytes): 5940
	Average resident set size (kbytes): 0
	Major (requiring I/O) page faults: 0
	Minor (reclaiming a frame) page faults: 1662
	Voluntary context switches: 47
	Involuntary context switches: 1
	Swaps: 0
	File system inputs: 0
	File system outputs: 0
	Socket messages sent: 0
	Socket messages received: 0
	Signals delivered: 0
	Page size (bytes): 4096
	Exit status: 1
Traceback (most recent call last):
  File "mean_quality_distribution.py", line 4, in <module>
    import numpy as np
ModuleNotFoundError: No module named 'numpy'
Command exited with non-zero status 1
	Command being timed: "python3 mean_quality_distribution.py -f /projects/bgmp/shared/2017_sequencing/1294_S1_L008_R4_001.fastq.gz -l 101 -nr 0 -t read2_mean_Qscores -d /projects/bgmp/jogata/bioinformatics/bi622/Demux/distribution_plots"
	User time (seconds): 0.00
	System time (seconds): 0.00
	Percent of CPU this job got: 93%
	Elapsed (wall clock) time (h:mm:ss or m:ss): 0:00.01
	Average shared text size (kbytes): 0
	Average unshared data size (kbytes): 0
	Average stack size (kbytes): 0
	Average total size (kbytes): 0
	Maximum resident set size (kbytes): 5940
	Average resident set size (kbytes): 0
	Major (requiring I/O) page faults: 0
	Minor (reclaiming a frame) page faults: 1661
	Voluntary context switches: 47
	Involuntary context switches: 1
	Swaps: 0
	File system inputs: 0
	File system outputs: 0
	Socket messages sent: 0
	Socket messages received: 0
	Signals delivered: 0
	Page size (bytes): 4096
	Exit status: 1
