There are 363246735 records that fall below quality score 40 in the file /projects/bgmp/shared/2017_sequencing/1294_S1_L008_R2_001.fastq.gz
	Command being timed: "python ../count_good_qual.py -f /projects/bgmp/shared/2017_sequencing/1294_S1_L008_R2_001.fastq.gz -l 8 -Q 40"
	User time (seconds): 651.12
	System time (seconds): 0.44
	Percent of CPU this job got: 99%
	Elapsed (wall clock) time (h:mm:ss or m:ss): 10:53.16
	Average shared text size (kbytes): 0
	Average unshared data size (kbytes): 0
	Average stack size (kbytes): 0
	Average total size (kbytes): 0
	Maximum resident set size (kbytes): 10524
	Average resident set size (kbytes): 0
	Major (requiring I/O) page faults: 0
	Minor (reclaiming a frame) page faults: 16092
	Voluntary context switches: 166
	Involuntary context switches: 250
	Swaps: 0
	File system inputs: 0
	File system outputs: 0
	Socket messages sent: 0
	Socket messages received: 0
	Signals delivered: 0
	Page size (bytes): 4096
	Exit status: 0
slurmstepd: error: *** JOB 15636206 ON n225 CANCELLED AT 2021-07-31T09:38:16 ***
