Traceback (most recent call last):
  File "/gpfs/projects/bgmp/jogata/bioinformatics/bi622/Demux/mean_quality_distribution.py", line 83, in <module>
    array=np.zeros((args.read_length, args.number_records))
numpy.core._exceptions.MemoryError: Unable to allocate 273. GiB for an array with shape (101, 363246735) and data type float64
Command exited with non-zero status 1
	Command being timed: "python mean_quality_distribution.py -f /projects/bgmp/shared/2017_sequencing/1294_S1_L008_R1_001.fastq.gz -l 101 -nr 363246735 -t read1_mean_Qscores -d /projects/bgmp/jogata/bioinformatics/bi622/Demux/distribution_plots"
	User time (seconds): 0.39
	System time (seconds): 0.63
	Percent of CPU this job got: 486%
	Elapsed (wall clock) time (h:mm:ss or m:ss): 0:00.21
	Average shared text size (kbytes): 0
	Average unshared data size (kbytes): 0
	Average stack size (kbytes): 0
	Average total size (kbytes): 0
	Maximum resident set size (kbytes): 24740
	Average resident set size (kbytes): 0
	Major (requiring I/O) page faults: 0
	Minor (reclaiming a frame) page faults: 6586
	Voluntary context switches: 574
	Involuntary context switches: 2
	Swaps: 0
	File system inputs: 0
	File system outputs: 0
	Socket messages sent: 0
	Socket messages received: 0
	Signals delivered: 0
	Page size (bytes): 4096
	Exit status: 1
Traceback (most recent call last):
  File "/gpfs/projects/bgmp/jogata/bioinformatics/bi622/Demux/mean_quality_distribution.py", line 85, in <module>
    array=populate_array(file,array)
  File "/gpfs/projects/bgmp/jogata/bioinformatics/bi622/Demux/mean_quality_distribution.py", line 39, in populate_array
    array[position,current_record] = convert(line[position])
  File "/gpfs/projects/bgmp/jogata/bioinformatics/bi622/Demux/bioinfo.py", line 38, in convert_phred
    return(ord(letter)-33)
TypeError: ord() expected string of length 1, but int found
Command exited with non-zero status 1
	Command being timed: "python mean_quality_distribution.py -f /projects/bgmp/shared/2017_sequencing/1294_S1_L008_R2_001.fastq.gz -l 8 -nr 363246735 -t index1_mean_Qscores -d /projects/bgmp/jogata/bioinformatics/bi622/Demux/distribution_plots"
	User time (seconds): 0.44
	System time (seconds): 0.58
	Percent of CPU this job got: 613%
	Elapsed (wall clock) time (h:mm:ss or m:ss): 0:00.16
	Average shared text size (kbytes): 0
	Average unshared data size (kbytes): 0
	Average stack size (kbytes): 0
	Average total size (kbytes): 0
	Maximum resident set size (kbytes): 27672
	Average resident set size (kbytes): 0
	Major (requiring I/O) page faults: 0
	Minor (reclaiming a frame) page faults: 6835
	Voluntary context switches: 576
	Involuntary context switches: 2
	Swaps: 0
	File system inputs: 0
	File system outputs: 0
	Socket messages sent: 0
	Socket messages received: 0
	Signals delivered: 0
	Page size (bytes): 4096
	Exit status: 1
Traceback (most recent call last):
  File "/gpfs/projects/bgmp/jogata/bioinformatics/bi622/Demux/mean_quality_distribution.py", line 85, in <module>
    array=populate_array(file,array)
  File "/gpfs/projects/bgmp/jogata/bioinformatics/bi622/Demux/mean_quality_distribution.py", line 39, in populate_array
    array[position,current_record] = convert(line[position])
  File "/gpfs/projects/bgmp/jogata/bioinformatics/bi622/Demux/bioinfo.py", line 38, in convert_phred
    return(ord(letter)-33)
TypeError: ord() expected string of length 1, but int found
Command exited with non-zero status 1
	Command being timed: "python mean_quality_distribution.py -f /projects/bgmp/shared/2017_sequencing/1294_S1_L008_R3_001.fastq.gz -l 8 -nr 363246735 -t index2_mean_Qscores -d /projects/bgmp/jogata/bioinformatics/bi622/Demux/distribution_plots"
	User time (seconds): 0.35
	System time (seconds): 0.50
	Percent of CPU this job got: 618%
	Elapsed (wall clock) time (h:mm:ss or m:ss): 0:00.13
	Average shared text size (kbytes): 0
	Average unshared data size (kbytes): 0
	Average stack size (kbytes): 0
	Average total size (kbytes): 0
	Maximum resident set size (kbytes): 25632
	Average resident set size (kbytes): 0
	Major (requiring I/O) page faults: 0
	Minor (reclaiming a frame) page faults: 6841
	Voluntary context switches: 556
	Involuntary context switches: 2
	Swaps: 0
	File system inputs: 0
	File system outputs: 0
	Socket messages sent: 0
	Socket messages received: 0
	Signals delivered: 0
	Page size (bytes): 4096
	Exit status: 1
Traceback (most recent call last):
  File "/gpfs/projects/bgmp/jogata/bioinformatics/bi622/Demux/mean_quality_distribution.py", line 83, in <module>
    array=np.zeros((args.read_length, args.number_records))
numpy.core._exceptions.MemoryError: Unable to allocate 273. GiB for an array with shape (101, 363246735) and data type float64
Command exited with non-zero status 1
	Command being timed: "python mean_quality_distribution.py -f /projects/bgmp/shared/2017_sequencing/1294_S1_L008_R4_001.fastq.gz -l 101 -nr 363246735 -t read2_mean_Qscores -d /projects/bgmp/jogata/bioinformatics/bi622/Demux/distribution_plots"
	User time (seconds): 0.38
	System time (seconds): 0.46
	Percent of CPU this job got: 613%
	Elapsed (wall clock) time (h:mm:ss or m:ss): 0:00.13
	Average shared text size (kbytes): 0
	Average unshared data size (kbytes): 0
	Average stack size (kbytes): 0
	Average total size (kbytes): 0
	Maximum resident set size (kbytes): 26672
	Average resident set size (kbytes): 0
	Major (requiring I/O) page faults: 0
	Minor (reclaiming a frame) page faults: 6593
	Voluntary context switches: 564
	Involuntary context switches: 2
	Swaps: 0
	File system inputs: 0
	File system outputs: 0
	Socket messages sent: 0
	Socket messages received: 0
	Signals delivered: 0
	Page size (bytes): 4096
	Exit status: 1
